[debug] [2022-12-21T05:41:34.369Z] ----------------------------------------------------------------------
[debug] [2022-12-21T05:41:34.371Z] Command:       /usr/local/bin/firebase /home/shivam/.cache/firebase/tools/lib/node_modules/firebase-tools/lib/bin/firebase init
[debug] [2022-12-21T05:41:34.371Z] CLI Version:   11.18.0
[debug] [2022-12-21T05:41:34.372Z] Platform:      linux
[debug] [2022-12-21T05:41:34.372Z] Node Version:  v16.16.0
[debug] [2022-12-21T05:41:34.372Z] Time:          Wed Dec 21 2022 11:11:34 GMT+0530 (India Standard Time)
[debug] [2022-12-21T05:41:34.373Z] ----------------------------------------------------------------------
[debug] 
[debug] [2022-12-21T05:41:34.376Z] >>> [apiv2][query] GET https://firebase-public.firebaseio.com/cli.json [none]
[debug] [2022-12-21T05:41:34.479Z] > command requires scopes: ["email","openid","https://www.googleapis.com/auth/cloudplatformprojects.readonly","https://www.googleapis.com/auth/firebase","https://www.googleapis.com/auth/cloud-platform"]
[debug] [2022-12-21T05:41:34.479Z] > authorizing via signed-in user (shivam9661446@gmail.com)
[info] 
     ######## #### ########  ######## ########     ###     ######  ########
     ##        ##  ##     ## ##       ##     ##  ##   ##  ##       ##
     ######    ##  ########  ######   ########  #########  ######  ######
     ##        ##  ##    ##  ##       ##     ## ##     ##       ## ##
     ##       #### ##     ## ######## ########  ##     ##  ######  ########

You're about to initialize a Firebase project in this directory:

  /home/shivam/Documents/shivamsinghydv

Before we get started, keep in mind:

  * You are initializing within an existing Firebase project directory

[warn] ⚠  Unable to fetch the CLI MOTD and remote config. 
[debug] [2022-12-21T05:41:34.506Z] Failed to fetch MOTD FirebaseError: Failed to make request to https://firebase-public.firebaseio.com/cli.json
[info] 
=== Project Setup
[info] 
[info] First, let's associate this project directory with a Firebase project.
[info] You can create multiple project aliases by running firebase use --add, 
[info] but for now we'll just set up a default project.
[info] 
[debug] [2022-12-21T05:41:40.698Z] Using project from CLI flag: suppachat
[debug] [2022-12-21T05:41:40.704Z] > refreshing access token with scopes: []
[debug] [2022-12-21T05:41:40.718Z] >>> [apiv2][query] POST https://www.googleapis.com/oauth2/v3/token [none]
[debug] [2022-12-21T05:41:40.719Z] >>> [apiv2][body] POST https://www.googleapis.com/oauth2/v3/token [omitted]
[debug] [2022-12-21T05:41:40.734Z] Authentication Error: Your credentials are no longer valid. Please run firebase login --reauth

For CI servers and headless environments, generate a new token with firebase login:ci
[debug] [2022-12-21T05:41:40.748Z] FirebaseError: Authentication Error: Your credentials are no longer valid. Please run firebase login --reauth

For CI servers and headless environments, generate a new token with firebase login:ci
    at invalidCredentialError (/home/shivam/.cache/firebase/tools/lib/node_modules/firebase-tools/lib/auth.js:144:12)
    at refreshTokens (/home/shivam/.cache/firebase/tools/lib/node_modules/firebase-tools/lib/auth.js:508:15)
    at processTicksAndRejections (node:internal/process/task_queues:96:5)
    at async Client.getAccessToken (/home/shivam/.cache/firebase/tools/lib/node_modules/firebase-tools/lib/apiv2.js:149:23)
    at async Client.addAuthHeader (/home/shivam/.cache/firebase/tools/lib/node_modules/firebase-tools/lib/apiv2.js:140:21)
    at async Client.request (/home/shivam/.cache/firebase/tools/lib/node_modules/firebase-tools/lib/apiv2.js:96:34)
    at async getFirebaseProject (/home/shivam/.cache/firebase/tools/lib/node_modules/firebase-tools/lib/management/projects.js:295:21)
    at async doSetup (/home/shivam/.cache/firebase/tools/lib/node_modules/firebase-tools/lib/init/features/project.js:85:27)
    at async init (/home/shivam/.cache/firebase/tools/lib/node_modules/firebase-tools/lib/init/index.js:36:9)
[error] 
[error] Error: Failed to get Firebase project suppachat. Please make sure the project exists and your account has permission to access it.
